<?xml version="1.0" encoding="UTF-8"?>
<!-- Generated by org.testng.reporters.JUnitXMLReporter -->
<testsuite ignored="2" hostname="DESKTOP-RQJ524T" failures="0" tests="1" name="Default test" time="23.084" errors="0" timestamp="2019-10-02T18:50:43 EDT">
  <testcase classname="AutomationQA.SeleniumPractice.AutomationPracticeTest" name="Verify_BuyWomenTShit" time="13.574"/>
  <testcase classname="AutomationQA.SeleniumPractice.AutomationPracticeTest" name="VerifyLogIn" time="0.0">
    <ignored/>
  </testcase> <!-- VerifyLogIn -->
  <testcase classname="AutomationQA.SeleniumPractice.AutomationPracticeTest" name="VerifyIndexPage" time="0.0">
    <ignored/>
  </testcase> <!-- VerifyIndexPage -->
</testsuite> <!-- Default test -->
