<?xml version="1.0" encoding="UTF-8"?>
<testng-results ignored="2" total="3" passed="1" failed="0" skipped="0">
  <reporter-output>
  </reporter-output>
  <suite started-at="2019-10-02T18:50:20 EDT" name="Default suite" finished-at="2019-10-02T18:50:43 EDT" duration-ms="23084">
    <groups>
    </groups>
    <test started-at="2019-10-02T18:50:20 EDT" name="Default test" finished-at="2019-10-02T18:50:43 EDT" duration-ms="23084">
      <class name="AutomationQA.SeleniumPractice.AutomationPracticeTest">
        <test-method is-config="true" signature="setUp()[pri:0, instance:AutomationQA.SeleniumPractice.AutomationPracticeTest@68267da0]" started-at="2019-10-02T18:50:20 EDT" name="setUp" finished-at="2019-10-02T18:50:29 EDT" duration-ms="8628" status="PASS">
          <reporter-output>
          </reporter-output>
        </test-method> <!-- setUp -->
        <test-method signature="Verify_BuyWomenTShit()[pri:0, instance:AutomationQA.SeleniumPractice.AutomationPracticeTest@68267da0]" started-at="2019-10-02T18:50:29 EDT" name="Verify_BuyWomenTShit" finished-at="2019-10-02T18:50:42 EDT" duration-ms="13574" status="PASS">
          <reporter-output>
          </reporter-output>
        </test-method> <!-- Verify_BuyWomenTShit -->
        <test-method is-config="true" signature="tearDown()[pri:0, instance:AutomationQA.SeleniumPractice.AutomationPracticeTest@68267da0]" started-at="2019-10-02T18:50:42 EDT" name="tearDown" finished-at="2019-10-02T18:50:43 EDT" duration-ms="830" status="PASS">
          <reporter-output>
          </reporter-output>
        </test-method> <!-- tearDown -->
      </class> <!-- AutomationQA.SeleniumPractice.AutomationPracticeTest -->
    </test> <!-- Default test -->
  </suite> <!-- Default suite -->
</testng-results>
